<?xml version="1.0" encoding="UTF-8"?>
<!-- Generated by org.testng.reporters.JUnitReportReporter -->
<testsuite hostname="LAPTOP-NASCGQ94" failures="0" tests="5" name="stepDefs.TestRunner" time="18.273" errors="0" timestamp="13 Sep. 2022 19:02:37 GMT" skipped="0">
  <testcase classname="stepDefs.TestRunner" name="runScenario" time="3.116"/>
  <testcase classname="stepDefs.TestRunner" name="runScenario" time="2.995"/>
  <testcase classname="stepDefs.TestRunner" name="runScenario" time="6.039"/>
  <testcase classname="stepDefs.TestRunner" name="runScenario" time="3.021"/>
  <testcase classname="stepDefs.TestRunner" name="runScenario" time="3.102"/>
</testsuite> <!-- stepDefs.TestRunner -->
