<?xml version="1.0" encoding="UTF-8"?>
<!-- Generated by org.testng.reporters.JUnitReportReporter -->
<testsuite hostname="LAPTOP-NASCGQ94" failures="0" tests="5" name="stepDefs.TestRunner" time="16.367" errors="0" timestamp="13 Sep. 2022 19:04:41 GMT" skipped="0">
  <testcase classname="stepDefs.TestRunner" name="runScenario" time="3.104"/>
  <testcase classname="stepDefs.TestRunner" name="runScenario" time="3.274"/>
  <testcase classname="stepDefs.TestRunner" name="runScenario" time="3.099"/>
  <testcase classname="stepDefs.TestRunner" name="runScenario" time="3.370"/>
  <testcase classname="stepDefs.TestRunner" name="runScenario" time="3.520"/>
</testsuite> <!-- stepDefs.TestRunner -->
